\BOOKMARK [0][-]{section*.1}{\376\377\000R\000e\000s\000u\000m\000e\000n}{}% 1
\BOOKMARK [0][-]{chapter.7}{\376\377\000I\000n\000t\000r\000o\000d\000u\000c\000c\000i\000\363\000n\000\040\000G\000e\000n\000e\000r\000a\000l}{}% 2
\BOOKMARK [1][-]{section.8}{\376\377\000D\000i\000f\000i\000c\000u\000l\000t\000a\000d\000e\000s\000\040\000p\000l\000a\000n\000t\000e\000a\000d\000a\000s\000\040\000e\000n\000\040\000l\000a\000\040\000e\000n\000s\000e\000\361\000a\000n\000z\000a\000\040\000d\000e\000\040\000p\000r\000o\000g\000r\000a\000m\000a\000c\000i\000\363\000n}{chapter.7}% 3
\BOOKMARK [1][-]{section.11}{\376\377\000O\000b\000j\000e\000t\000i\000v\000o}{chapter.7}% 4
\BOOKMARK [1][-]{section.12}{\376\377\000S\000o\000l\000u\000c\000i\000\363\000n\000\040\000p\000r\000o\000p\000u\000e\000s\000t\000a}{chapter.7}% 5
\BOOKMARK [0][-]{chapter.15}{\376\377\000I\000n\000t\000r\000o\000d\000u\000c\000c\000i\000\363\000n\000\040\000E\000s\000p\000e\000c\000\355\000f\000i\000c\000a}{}% 6
\BOOKMARK [1][-]{section.16}{\376\377\000L\000a\000\040\000p\000l\000a\000t\000a\000f\000o\000r\000m\000a\000\040\000d\000e\000\040\000H\000a\000r\000d\000w\000a\000r\000e}{chapter.15}% 7
\BOOKMARK [1][-]{section.21}{\376\377\000U\000t\000i\000l\000i\000z\000a\000c\000i\000\363\000n\000\040\000d\000e\000\040\000M\000i\000c\000r\000o\000P\000y\000t\000h\000o\000n}{chapter.15}% 8
\BOOKMARK [1][-]{section.24}{\376\377\000A\000r\000q\000u\000i\000t\000e\000c\000t\000u\000r\000a\000\040\000d\000e\000l\000\040\000F\000i\000r\000m\000w\000a\000r\000e}{chapter.15}% 9
\BOOKMARK [1][-]{section.26}{\376\377\000A\000r\000q\000u\000i\000t\000e\000c\000t\000u\000r\000a\000\040\000d\000e\000l\000\040\000S\000o\000f\000t\000w\000a\000r\000e}{chapter.15}% 10
\BOOKMARK [1][-]{section.28}{\376\377\000R\000e\000q\000u\000e\000r\000i\000m\000i\000e\000n\000t\000o\000s}{chapter.15}% 11
\BOOKMARK [0][-]{chapter.49}{\376\377\000D\000i\000s\000e\000\361\000o\000\040\000e\000\040\000I\000m\000p\000l\000e\000m\000e\000n\000t\000a\000c\000i\000\363\000n}{}% 12
\BOOKMARK [1][-]{section.50}{\376\377\000D\000i\000s\000e\000\361\000o\000\040\000d\000e\000\040\000F\000i\000r\000m\000w\000a\000r\000e}{chapter.49}% 13
\BOOKMARK [2][-]{subsection.51}{\376\377\000P\000u\000n\000t\000o\000\040\000d\000e\000\040\000p\000a\000r\000t\000i\000d\000a}{section.50}% 14
\BOOKMARK [2][-]{subsection.54}{\376\377\000C\000r\000e\000a\000c\000i\000\363\000n\000\040\000d\000e\000\040\000b\000i\000b\000l\000i\000o\000t\000e\000c\000a\000s\000\040\000P\000y\000t\000h\000o\000n\000:\000\040\000M\000\363\000d\000u\000l\000o\000s\000\040\000y\000\040\000C\000l\000a\000s\000e\000s}{section.50}% 15
\BOOKMARK [2][-]{subsection.59}{\376\377\000D\000i\000s\000e\000\361\000o\000\040\000d\000e\000\040\000b\000i\000b\000l\000i\000o\000t\000e\000c\000a\000s\000\040\000p\000a\000r\000a\000\040\000e\000l\000\040\000m\000a\000n\000e\000j\000o\000\040\000d\000e\000\040\000p\000e\000r\000i\000f\000\351\000r\000i\000c\000o\000s\000\040\000d\000e\000s\000d\000e\000\040\000C}{section.50}% 16
\BOOKMARK [2][-]{subsection.78}{\376\377\000D\000i\000s\000e\000\361\000o\000\040\000d\000e\000\040\000b\000i\000b\000l\000i\000o\000t\000e\000c\000a\000s\000\040\000p\000a\000r\000a\000\040\000e\000l\000\040\000m\000a\000n\000e\000j\000o\000\040\000d\000e\000\040\000p\000e\000r\000i\000f\000\351\000r\000i\000c\000o\000s\000\040\000d\000e\000s\000d\000e\000\040\000e\000l\000\040\000c\000\363\000d\000i\000g\000o\000\040\000P\000y\000t\000h\000o\000n}{section.50}% 17
\BOOKMARK [1][-]{section.80}{\376\377\000D\000i\000s\000e\000\361\000o\000\040\000d\000e\000l\000\040\000S\000o\000f\000t\000w\000a\000r\000e}{chapter.49}% 18
\BOOKMARK [2][-]{subsection.81}{\376\377\000P\000u\000n\000t\000o\000\040\000d\000e\000\040\000p\000a\000r\000t\000i\000d\000a}{section.80}% 19
\BOOKMARK [2][-]{subsection.83}{\376\377\000D\000i\000s\000e\000\361\000o\000\040\000d\000e\000l\000\040\000I\000D\000E}{section.80}% 20
\BOOKMARK [2][-]{subsection.98}{\376\377\000E\000n\000v\000\355\000o\000\040\000d\000e\000l\000\040\000a\000r\000c\000h\000i\000v\000o\000\040\000a\000\040\000l\000a\000\040\000p\000l\000a\000c\000a}{section.80}% 21
\BOOKMARK [1][-]{section.100}{\376\377\000D\000o\000c\000u\000m\000e\000n\000t\000a\000c\000i\000\363\000n}{chapter.49}% 22
\BOOKMARK [2][-]{subsection.101}{\376\377\000P\000r\000o\000y\000e\000c\000t\000o\000s\000\040\000d\000e\000\040\000e\000j\000e\000m\000p\000l\000o}{section.100}% 23
\BOOKMARK [2][-]{subsection.102}{\376\377\000D\000o\000c\000u\000m\000e\000n\000t\000a\000c\000i\000\363\000n\000\040\000d\000e\000\040\000l\000a\000s\000\040\000b\000i\000b\000l\000i\000o\000t\000e\000c\000a\000s\000\040\000i\000m\000p\000l\000e\000m\000e\000n\000t\000a\000d\000a\000s}{section.100}% 24
\BOOKMARK [0][-]{chapter.103}{\376\377\000E\000n\000s\000a\000y\000o\000s\000\040\000y\000\040\000R\000e\000s\000u\000l\000t\000a\000d\000o\000s}{}% 25
\BOOKMARK [1][-]{section.104}{\376\377\000T\000e\000s\000t\000s\000\040\000u\000n\000i\000t\000a\000r\000i\000o\000s\000\040\000p\000a\000r\000a\000\040\000b\000i\000b\000l\000i\000o\000t\000e\000c\000a\000s\000\040\000p\000a\000r\000a\000\040\000e\000l\000\040\000m\000a\000n\000e\000j\000o\000\040\000d\000e\000\040\000p\000e\000r\000i\000f\000\351\000r\000i\000c\000o\000s\000\040\000d\000e\000s\000d\000e\000\040\000C}{chapter.103}% 26
\BOOKMARK [1][-]{section.152}{\376\377\000T\000e\000s\000t\000\040\000u\000n\000i\000t\000a\000r\000i\000o\000s\000\040\000p\000a\000r\000a\000\040\000b\000i\000b\000l\000i\000o\000t\000e\000c\000a\000s\000\040\000p\000a\000r\000a\000\040\000e\000l\000\040\000m\000a\000n\000e\000j\000o\000\040\000d\000e\000\040\000p\000e\000r\000i\000f\000\351\000r\000i\000c\000o\000s\000\040\000d\000e\000s\000d\000e\000\040\000P\000y\000t\000h\000o\000n}{chapter.103}% 27
\BOOKMARK [1][-]{section.214}{\376\377\000E\000j\000e\000c\000u\000c\000i\000o\000n\000\040\000d\000e\000\040\000l\000o\000s\000\040\000t\000e\000s\000t\000s\000\040\000s\000o\000b\000r\000e\000\040\000l\000a\000\040\000p\000l\000a\000c\000a}{chapter.103}% 28
\BOOKMARK [2][-]{subsection.238}{\376\377\000R\000e\000q\000u\000e\000r\000i\000m\000i\000e\000n\000t\000o\000s\000\040\000p\000a\000r\000a\000\040\000l\000a\000\040\000e\000j\000e\000c\000u\000c\000i\000o\000n\000\040\000d\000e\000\040\000l\000o\000s\000\040\000t\000e\000s\000t\000s\000.}{section.214}% 29
\BOOKMARK [1][-]{section.240}{\376\377\000T\000e\000s\000t\000s\000\040\000U\000n\000i\000t\000a\000r\000i\000o\000s\000\040\000p\000a\000r\000a\000\040\000v\000e\000n\000t\000a\000n\000a\000s\000\040\000q\000u\000e\000\040\000c\000o\000m\000p\000o\000n\000e\000n\000\040\000e\000l\000\040\000I\000D\000E}{chapter.103}% 30
\BOOKMARK [1][-]{section.241}{\376\377\000T\000e\000s\000t\000s\000\040\000f\000u\000n\000c\000i\000o\000n\000a\000l\000e\000s}{chapter.103}% 31
\BOOKMARK [0][-]{chapter.242}{\376\377\000C\000o\000n\000c\000l\000u\000s\000i\000o\000n\000e\000s}{}% 32
\BOOKMARK [1][-]{section.243}{\376\377\000C\000o\000n\000c\000l\000u\000s\000i\000o\000n\000e\000s\000\040\000g\000e\000n\000e\000r\000a\000l\000e\000s\000\040}{chapter.242}% 33
\BOOKMARK [1][-]{section.244}{\376\377\000P\000r\000\363\000x\000i\000m\000o\000s\000\040\000p\000a\000s\000o\000s}{chapter.242}% 34
\BOOKMARK [0][-]{appendix.245}{\376\377\000C\000r\000e\000a\000c\000i\000\363\000n\000\040\000d\000e\000\040\000u\000n\000\040\000m\000\363\000d\000u\000l\000o\000\040\000y\000\040\000c\000l\000a\000s\000e\000\040\000P\000y\000t\000h\000o\000n\000\040\000d\000e\000s\000d\000e\000\040\000c\000\363\000d\000i\000g\000o\000\040\000C}{}% 35
\BOOKMARK [1][-]{section.246}{\376\377\000C\000r\000e\000a\000c\000i\000\363\000n\000\040\000d\000e\000\040\000u\000n\000\040\000m\000\363\000d\000u\000l\000o}{appendix.245}% 36
\BOOKMARK [1][-]{section.270}{\376\377\000I\000n\000c\000o\000r\000p\000o\000r\000a\000c\000i\000\363\000n\000\040\000d\000e\000\040\000u\000n\000a\000\040\000c\000l\000a\000s\000e\000\040\000a\000l\000\040\000m\000\363\000d\000u\000l\000o}{appendix.245}% 37
\BOOKMARK [1][-]{section.294}{\376\377\000D\000e\000f\000i\000n\000i\000c\000i\000\363\000n\000\040\000d\000e\000\040\000u\000n\000\040\000m\000\351\000t\000o\000d\000o\000\040\000d\000e\000\040\000u\000n\000a\000\040\000c\000l\000a\000s\000e}{appendix.245}% 38
\BOOKMARK [0][-]{appendix.332}{\376\377\000T\000e\000s\000t\000s\000\040\000f\000u\000n\000c\000i\000o\000n\000a\000l\000e\000s\000\040\000d\000e\000l\000\040\000u\000s\000o\000\040\000d\000e\000\040\000p\000e\000r\000i\000f\000\351\000r\000i\000c\000o\000s\000\040\000d\000e\000s\000d\000e\000\040\000c\000\363\000d\000i\000g\000o\000\040\000P\000y\000t\000h\000o\000n}{}% 39
\BOOKMARK [0][-]{appendix.333}{\376\377\000T\000e\000s\000t\000s\000\040\000f\000u\000n\000c\000i\000o\000n\000a\000l\000e\000s\000\040\000d\000e\000l\000\040\000u\000s\000o\000\040\000d\000e\000l\000\040\000I\000D\000E}{}% 40
\BOOKMARK [0][-]{appendix*.334}{\376\377\000B\000i\000b\000l\000i\000o\000g\000r\000a\000f\000\355\000a}{}% 41
